<?xml version="1.0" encoding="UTF-8"?>
<!-- Generated by org.testng.reporters.JUnitReportReporter -->
<testsuite hostname="DESKTOP-6ERC4JE" failures="0" tests="9" name="crossbrowser.NewTest" time="86.189" errors="0" timestamp="2023-06-30T10:28:19 IST" skipped="3">
  <testcase classname="crossbrowser.NewTest" name="radiButton" time="13.764"/>
  <testcase classname="crossbrowser.NewTest" name="radiButton" time="16.222"/>
  <testcase classname="crossbrowser.NewTest" name="radiButton" time="14.198"/>
  <testcase classname="crossbrowser.NewTest" name="hyperlinkTest" time="13.435"/>
  <testcase classname="crossbrowser.NewTest" name="hyperlinkTest" time="13.953"/>
  <testcase classname="crossbrowser.NewTest" name="hyperlinkTest" time="14.617"/>
  <testcase classname="crossbrowser.NewTest" name="testcheckbox">
    <skipped/>
  </testcase> <!-- testcheckbox -->
  <testcase classname="crossbrowser.NewTest" name="testcheckbox">
    <skipped/>
  </testcase> <!-- testcheckbox -->
  <testcase classname="crossbrowser.NewTest" name="testcheckbox">
    <skipped/>
  </testcase> <!-- testcheckbox -->
</testsuite> <!-- crossbrowser.NewTest -->
